<?xml version="1.0" encoding="UTF-8"?>
<testng-results skipped="0" failed="0" total="1" passed="1">
  <reporter-output>
  </reporter-output>
  <suite name="Default suite" duration-ms="7398" started-at="2019-11-12T09:53:10Z" finished-at="2019-11-12T09:53:18Z">
    <groups>
    </groups>
    <test name="Default test" duration-ms="7398" started-at="2019-11-12T09:53:10Z" finished-at="2019-11-12T09:53:18Z">
      <class name="buoi1.NewTest">
        <test-method status="PASS" signature="beforeClass()[pri:0, instance:buoi1.NewTest@7e0babb1]" name="beforeClass" is-config="true" duration-ms="7375" started-at="2019-11-12T16:53:10Z" finished-at="2019-11-12T16:53:18Z">
          <reporter-output>
          </reporter-output>
        </test-method> <!-- beforeClass -->
        <test-method status="PASS" signature="f()[pri:0, instance:buoi1.NewTest@7e0babb1]" name="f" duration-ms="7" started-at="2019-11-12T16:53:18Z" finished-at="2019-11-12T16:53:18Z">
          <reporter-output>
          </reporter-output>
        </test-method> <!-- f -->
        <test-method status="PASS" signature="afterClass()[pri:0, instance:buoi1.NewTest@7e0babb1]" name="afterClass" is-config="true" duration-ms="1" started-at="2019-11-12T16:53:18Z" finished-at="2019-11-12T16:53:18Z">
          <reporter-output>
          </reporter-output>
        </test-method> <!-- afterClass -->
      </class> <!-- buoi1.NewTest -->
    </test> <!-- Default test -->
  </suite> <!-- Default suite -->
</testng-results>
